<?xml version="1.0" encoding="UTF-8"?>
<testsuite xmlns:xsi="http://www.w3.org/2001/XMLSchema-instance" xsi:noNamespaceSchemaLocation="https://maven.apache.org/surefire/maven-surefire-plugin/xsd/surefire-test-report.xsd" name="com.example.AppTest" time="0.022" tests="1" errors="0" skipped="0" failures="0">
  <properties>
    <property name="java.specification.version" value="19"/>
    <property name="sun.jnu.encoding" value="UTF-8"/>
    <property name="java.class.path" value="/Users/gaetano/Repositories/website-status-checker/target/test-classes:/Users/gaetano/Repositories/website-status-checker/target/classes:/Users/gaetano/.m2/repository/junit/junit/4.13.1/junit-4.13.1.jar:/Users/gaetano/.m2/repository/org/hamcrest/hamcrest-core/1.3/hamcrest-core-1.3.jar:/Users/gaetano/.m2/repository/com/sun/mail/javax.mail/1.6.2/javax.mail-1.6.2.jar:/Users/gaetano/.m2/repository/javax/activation/activation/1.1/activation-1.1.jar:/Users/gaetano/.m2/repository/software/amazon/awssdk/ses/2.17.56/ses-2.17.56.jar:/Users/gaetano/.m2/repository/software/amazon/awssdk/aws-query-protocol/2.17.56/aws-query-protocol-2.17.56.jar:/Users/gaetano/.m2/repository/software/amazon/awssdk/protocol-core/2.17.56/protocol-core-2.17.56.jar:/Users/gaetano/.m2/repository/software/amazon/awssdk/sdk-core/2.17.56/sdk-core-2.17.56.jar:/Users/gaetano/.m2/repository/software/amazon/awssdk/profiles/2.17.56/profiles-2.17.56.jar:/Users/gaetano/.m2/repository/org/slf4j/slf4j-api/1.7.30/slf4j-api-1.7.30.jar:/Users/gaetano/.m2/repository/org/reactivestreams/reactive-streams/1.0.3/reactive-streams-1.0.3.jar:/Users/gaetano/.m2/repository/software/amazon/awssdk/auth/2.17.56/auth-2.17.56.jar:/Users/gaetano/.m2/repository/software/amazon/awssdk/json-utils/2.17.56/json-utils-2.17.56.jar:/Users/gaetano/.m2/repository/software/amazon/awssdk/third-party-jackson-core/2.17.56/third-party-jackson-core-2.17.56.jar:/Users/gaetano/.m2/repository/software/amazon/eventstream/eventstream/1.0.1/eventstream-1.0.1.jar:/Users/gaetano/.m2/repository/software/amazon/awssdk/http-client-spi/2.17.56/http-client-spi-2.17.56.jar:/Users/gaetano/.m2/repository/software/amazon/awssdk/regions/2.17.56/regions-2.17.56.jar:/Users/gaetano/.m2/repository/software/amazon/awssdk/annotations/2.17.56/annotations-2.17.56.jar:/Users/gaetano/.m2/repository/software/amazon/awssdk/utils/2.17.56/utils-2.17.56.jar:/Users/gaetano/.m2/repository/software/amazon/awssdk/aws-core/2.17.56/aws-core-2.17.56.jar:/Users/gaetano/.m2/repository/software/amazon/awssdk/metrics-spi/2.17.56/metrics-spi-2.17.56.jar:/Users/gaetano/.m2/repository/software/amazon/awssdk/apache-client/2.17.56/apache-client-2.17.56.jar:/Users/gaetano/.m2/repository/org/apache/httpcomponents/httpclient/4.5.13/httpclient-4.5.13.jar:/Users/gaetano/.m2/repository/commons-logging/commons-logging/1.2/commons-logging-1.2.jar:/Users/gaetano/.m2/repository/commons-codec/commons-codec/1.11/commons-codec-1.11.jar:/Users/gaetano/.m2/repository/org/apache/httpcomponents/httpcore/4.4.11/httpcore-4.4.11.jar:/Users/gaetano/.m2/repository/software/amazon/awssdk/netty-nio-client/2.17.56/netty-nio-client-2.17.56.jar:/Users/gaetano/.m2/repository/io/netty/netty-codec-http/4.1.68.Final/netty-codec-http-4.1.68.Final.jar:/Users/gaetano/.m2/repository/io/netty/netty-codec-http2/4.1.68.Final/netty-codec-http2-4.1.68.Final.jar:/Users/gaetano/.m2/repository/io/netty/netty-codec/4.1.68.Final/netty-codec-4.1.68.Final.jar:/Users/gaetano/.m2/repository/io/netty/netty-transport/4.1.68.Final/netty-transport-4.1.68.Final.jar:/Users/gaetano/.m2/repository/io/netty/netty-resolver/4.1.68.Final/netty-resolver-4.1.68.Final.jar:/Users/gaetano/.m2/repository/io/netty/netty-common/4.1.68.Final/netty-common-4.1.68.Final.jar:/Users/gaetano/.m2/repository/io/netty/netty-buffer/4.1.68.Final/netty-buffer-4.1.68.Final.jar:/Users/gaetano/.m2/repository/io/netty/netty-handler/4.1.68.Final/netty-handler-4.1.68.Final.jar:/Users/gaetano/.m2/repository/io/netty/netty-transport-native-epoll/4.1.68.Final/netty-transport-native-epoll-4.1.68.Final-linux-x86_64.jar:/Users/gaetano/.m2/repository/io/netty/netty-transport-native-unix-common/4.1.68.Final/netty-transport-native-unix-common-4.1.68.Final.jar:/Users/gaetano/.m2/repository/com/typesafe/netty/netty-reactive-streams-http/2.0.5/netty-reactive-streams-http-2.0.5.jar:/Users/gaetano/.m2/repository/com/typesafe/netty/netty-reactive-streams/2.0.5/netty-reactive-streams-2.0.5.jar:"/>
    <property name="java.vm.vendor" value="Homebrew"/>
    <property name="sun.arch.data.model" value="64"/>
    <property name="java.vendor.url" value="https://github.com/Homebrew/homebrew-core/issues"/>
    <property name="os.name" value="Mac OS X"/>
    <property name="java.vm.specification.version" value="19"/>
    <property name="sun.java.launcher" value="SUN_STANDARD"/>
    <property name="user.country" value="US"/>
    <property name="sun.boot.library.path" value="/opt/homebrew/Cellar/openjdk/19.0.2/libexec/openjdk.jdk/Contents/Home/lib"/>
    <property name="sun.java.command" value="/Users/gaetano/Repositories/website-status-checker/target/surefire/surefirebooter16937725190823610644.jar /Users/gaetano/Repositories/website-status-checker/target/surefire 2023-06-15T10-05-20_413-jvmRun1 surefire3985562934149594069tmp surefire_03411501641390657468tmp"/>
    <property name="jdk.debug" value="release"/>
    <property name="surefire.test.class.path" value="/Users/gaetano/Repositories/website-status-checker/target/test-classes:/Users/gaetano/Repositories/website-status-checker/target/classes:/Users/gaetano/.m2/repository/junit/junit/4.13.1/junit-4.13.1.jar:/Users/gaetano/.m2/repository/org/hamcrest/hamcrest-core/1.3/hamcrest-core-1.3.jar:/Users/gaetano/.m2/repository/com/sun/mail/javax.mail/1.6.2/javax.mail-1.6.2.jar:/Users/gaetano/.m2/repository/javax/activation/activation/1.1/activation-1.1.jar:/Users/gaetano/.m2/repository/software/amazon/awssdk/ses/2.17.56/ses-2.17.56.jar:/Users/gaetano/.m2/repository/software/amazon/awssdk/aws-query-protocol/2.17.56/aws-query-protocol-2.17.56.jar:/Users/gaetano/.m2/repository/software/amazon/awssdk/protocol-core/2.17.56/protocol-core-2.17.56.jar:/Users/gaetano/.m2/repository/software/amazon/awssdk/sdk-core/2.17.56/sdk-core-2.17.56.jar:/Users/gaetano/.m2/repository/software/amazon/awssdk/profiles/2.17.56/profiles-2.17.56.jar:/Users/gaetano/.m2/repository/org/slf4j/slf4j-api/1.7.30/slf4j-api-1.7.30.jar:/Users/gaetano/.m2/repository/org/reactivestreams/reactive-streams/1.0.3/reactive-streams-1.0.3.jar:/Users/gaetano/.m2/repository/software/amazon/awssdk/auth/2.17.56/auth-2.17.56.jar:/Users/gaetano/.m2/repository/software/amazon/awssdk/json-utils/2.17.56/json-utils-2.17.56.jar:/Users/gaetano/.m2/repository/software/amazon/awssdk/third-party-jackson-core/2.17.56/third-party-jackson-core-2.17.56.jar:/Users/gaetano/.m2/repository/software/amazon/eventstream/eventstream/1.0.1/eventstream-1.0.1.jar:/Users/gaetano/.m2/repository/software/amazon/awssdk/http-client-spi/2.17.56/http-client-spi-2.17.56.jar:/Users/gaetano/.m2/repository/software/amazon/awssdk/regions/2.17.56/regions-2.17.56.jar:/Users/gaetano/.m2/repository/software/amazon/awssdk/annotations/2.17.56/annotations-2.17.56.jar:/Users/gaetano/.m2/repository/software/amazon/awssdk/utils/2.17.56/utils-2.17.56.jar:/Users/gaetano/.m2/repository/software/amazon/awssdk/aws-core/2.17.56/aws-core-2.17.56.jar:/Users/gaetano/.m2/repository/software/amazon/awssdk/metrics-spi/2.17.56/metrics-spi-2.17.56.jar:/Users/gaetano/.m2/repository/software/amazon/awssdk/apache-client/2.17.56/apache-client-2.17.56.jar:/Users/gaetano/.m2/repository/org/apache/httpcomponents/httpclient/4.5.13/httpclient-4.5.13.jar:/Users/gaetano/.m2/repository/commons-logging/commons-logging/1.2/commons-logging-1.2.jar:/Users/gaetano/.m2/repository/commons-codec/commons-codec/1.11/commons-codec-1.11.jar:/Users/gaetano/.m2/repository/org/apache/httpcomponents/httpcore/4.4.11/httpcore-4.4.11.jar:/Users/gaetano/.m2/repository/software/amazon/awssdk/netty-nio-client/2.17.56/netty-nio-client-2.17.56.jar:/Users/gaetano/.m2/repository/io/netty/netty-codec-http/4.1.68.Final/netty-codec-http-4.1.68.Final.jar:/Users/gaetano/.m2/repository/io/netty/netty-codec-http2/4.1.68.Final/netty-codec-http2-4.1.68.Final.jar:/Users/gaetano/.m2/repository/io/netty/netty-codec/4.1.68.Final/netty-codec-4.1.68.Final.jar:/Users/gaetano/.m2/repository/io/netty/netty-transport/4.1.68.Final/netty-transport-4.1.68.Final.jar:/Users/gaetano/.m2/repository/io/netty/netty-resolver/4.1.68.Final/netty-resolver-4.1.68.Final.jar:/Users/gaetano/.m2/repository/io/netty/netty-common/4.1.68.Final/netty-common-4.1.68.Final.jar:/Users/gaetano/.m2/repository/io/netty/netty-buffer/4.1.68.Final/netty-buffer-4.1.68.Final.jar:/Users/gaetano/.m2/repository/io/netty/netty-handler/4.1.68.Final/netty-handler-4.1.68.Final.jar:/Users/gaetano/.m2/repository/io/netty/netty-transport-native-epoll/4.1.68.Final/netty-transport-native-epoll-4.1.68.Final-linux-x86_64.jar:/Users/gaetano/.m2/repository/io/netty/netty-transport-native-unix-common/4.1.68.Final/netty-transport-native-unix-common-4.1.68.Final.jar:/Users/gaetano/.m2/repository/com/typesafe/netty/netty-reactive-streams-http/2.0.5/netty-reactive-streams-http-2.0.5.jar:/Users/gaetano/.m2/repository/com/typesafe/netty/netty-reactive-streams/2.0.5/netty-reactive-streams-2.0.5.jar:"/>
    <property name="sun.cpu.endian" value="little"/>
    <property name="user.home" value="/Users/gaetano"/>
    <property name="user.language" value="en"/>
    <property name="java.specification.vendor" value="Oracle Corporation"/>
    <property name="java.version.date" value="2023-01-17"/>
    <property name="java.home" value="/opt/homebrew/Cellar/openjdk/19.0.2/libexec/openjdk.jdk/Contents/Home"/>
    <property name="file.separator" value="/"/>
    <property name="basedir" value="/Users/gaetano/Repositories/website-status-checker"/>
    <property name="java.vm.compressedOopsMode" value="Zero based"/>
    <property name="line.separator" value="&#10;"/>
    <property name="java.specification.name" value="Java Platform API Specification"/>
    <property name="java.vm.specification.vendor" value="Oracle Corporation"/>
    <property name="apple.awt.application.name" value="ForkedBooter"/>
    <property name="surefire.real.class.path" value="/Users/gaetano/Repositories/website-status-checker/target/surefire/surefirebooter16937725190823610644.jar"/>
    <property name="sun.management.compiler" value="HotSpot 64-Bit Tiered Compilers"/>
    <property name="java.runtime.version" value="19.0.2"/>
    <property name="user.name" value="gaetano"/>
    <property name="stdout.encoding" value="UTF-8"/>
    <property name="path.separator" value=":"/>
    <property name="os.version" value="13.4"/>
    <property name="java.runtime.name" value="OpenJDK Runtime Environment"/>
    <property name="file.encoding" value="UTF-8"/>
    <property name="java.vm.name" value="OpenJDK 64-Bit Server VM"/>
    <property name="java.vendor.version" value="Homebrew"/>
    <property name="localRepository" value="/Users/gaetano/.m2/repository"/>
    <property name="java.vendor.url.bug" value="https://github.com/Homebrew/homebrew-core/issues"/>
    <property name="java.io.tmpdir" value="/var/folders/39/v0sr3zmn24g0kdsb157198m00000gp/T/"/>
    <property name="java.version" value="19.0.2"/>
    <property name="user.dir" value="/Users/gaetano/Repositories/website-status-checker"/>
    <property name="os.arch" value="aarch64"/>
    <property name="java.vm.specification.name" value="Java Virtual Machine Specification"/>
    <property name="native.encoding" value="UTF-8"/>
    <property name="java.library.path" value="/Users/gaetano/Library/Java/Extensions:/Library/Java/Extensions:/Network/Library/Java/Extensions:/System/Library/Java/Extensions:/usr/lib/java:."/>
    <property name="java.vm.info" value="mixed mode, sharing"/>
    <property name="stderr.encoding" value="UTF-8"/>
    <property name="java.vendor" value="Homebrew"/>
    <property name="java.vm.version" value="19.0.2"/>
    <property name="sun.io.unicode.encoding" value="UnicodeBig"/>
    <property name="java.class.version" value="63.0"/>
  </properties>
  <testcase name="shouldAnswerWithTrue" classname="com.example.AppTest" time="0.002"/>
</testsuite>